<?xml version="1.0" encoding="UTF-8"?>
<!-- Generated by org.testng.reporters.JUnitXMLReporter -->
<testsuite ignored="0" hostname="TYP1784" failures="0" tests="5" name="Test2" time="135.037" errors="0" timestamp="2023-02-21T14:47:43 IST">
  <testcase classname="Car.mercy_Benz" name="Benz" time="25.952"/>
  <testcase classname="Car.himalaya_jeep" name="Jeep" time="34.263"/>
  <testcase classname="Car.Recovery_Range" name="Range" time="47.375"/>
  <testcase classname="Car.Audi_olampic" name="Audi" time="13.974"/>
  <testcase classname="Car.BMW_classic" name="BMW" time="13.392"/>
</testsuite> <!-- Test2 -->
