<?xml version="1.0" encoding="UTF-8"?>
<!-- Generated by org.testng.reporters.JUnitXMLReporter -->
<testsuite ignored="0" hostname="TYP1784" failures="0" tests="5" name="Test1" time="150.45" errors="0" timestamp="2023-02-21T14:47:58 IST">
  <testcase classname="Bike.Bike_BMW" name="WMB" time="25.528"/>
  <testcase classname="Bike.Yamaha" name="ahamay" time="36.257"/>
  <testcase classname="Bike.bajaj" name="jajab" time="44.994"/>
  <testcase classname="Bike.Ktm" name="tmk" time="24.644"/>
  <testcase classname="Bike.Old_hero" name="Hero" time="18.946"/>
</testsuite> <!-- Test1 -->
